<?xml version="1.0" encoding="UTF-8"?>
<!-- Generated by org.testng.reporters.JUnitReportReporter -->
<testsuite hostname="HW2124" name="scripts.Dropdown_Test" tests="1" failures="0" timestamp="20 May 2016 02:02:40 GMT" time="15.872" errors="0">
  <testcase name="testDropdown_Test" time="15.872" classname="scripts.Dropdown_Test"/>
</testsuite> <!-- scripts.Dropdown_Test -->
