<?xml version="1.0" encoding="UTF-8"?>
<!-- Generated by org.testng.reporters.JUnitReportReporter -->
<testsuite hostname="HW2124" name="scripts.Frames_Test" tests="1" failures="0" timestamp="24 May 2016 02:37:43 GMT" time="7.379" errors="0">
  <testcase name="testFrames_Test" time="7.379" classname="scripts.Frames_Test"/>
</testsuite> <!-- scripts.Frames_Test -->
