<?xml version="1.0" encoding="UTF-8"?>
<!-- Generated by org.testng.reporters.JUnitReportReporter -->
<testsuite hostname="HW2124" name="scripts.Draggable_Test" tests="1" failures="0" timestamp="25 May 2016 01:44:45 GMT" time="10.625" errors="0">
  <testcase name="testDraggable_Test" time="10.625" classname="scripts.Draggable_Test"/>
</testsuite> <!-- scripts.Draggable_Test -->
