<?xml version="1.0" encoding="UTF-8"?>
<!-- Generated by org.testng.reporters.JUnitReportReporter -->
<testsuite hostname="HW2124" name="scripts.Alert_Test" tests="1" failures="0" timestamp="24 May 2016 01:59:56 GMT" time="10.970" errors="0">
  <testcase name="testAlert_Test" time="10.970" classname="scripts.Alert_Test"/>
</testsuite> <!-- scripts.Alert_Test -->
