<?xml version="1.0" encoding="UTF-8"?>
<!-- Generated by org.testng.reporters.JUnitReportReporter -->
<testsuite hostname="HW2124" name="scripts.Explicitwait_Test" tests="1" failures="0" timestamp="21 May 2016 02:20:17 GMT" time="12.660" errors="0">
  <testcase name="testGetTitle_Assert" time="12.660" classname="scripts.Explicitwait_Test"/>
</testsuite> <!-- scripts.Explicitwait_Test -->
