<?xml version="1.0" encoding="UTF-8"?>
<!-- Generated by org.testng.reporters.JUnitReportReporter -->
<testsuite hostname="HW2124" name="scripts.Droppable_Test" tests="1" failures="0" timestamp="25 May 2016 01:46:59 GMT" time="10.639" errors="0">
  <testcase name="testDroppable_Test" time="10.639" classname="scripts.Droppable_Test"/>
</testsuite> <!-- scripts.Droppable_Test -->
