<?xml version="1.0" encoding="UTF-8"?>
<!-- Generated by org.testng.reporters.JUnitReportReporter -->
<testsuite hostname="HW2124" name="scripts.Window_Test" tests="1" failures="0" timestamp="24 May 2016 02:24:08 GMT" time="34.221" errors="0">
  <testcase name="testWindow_Test" time="34.221" classname="scripts.Window_Test"/>
</testsuite> <!-- scripts.Window_Test -->
