<?xml version="1.0" encoding="UTF-8"?>
<!-- Generated by org.testng.reporters.JUnitReportReporter -->
<testsuite hostname="HW2124" name="scripts.Firefox_Program" tests="1" failures="0" timestamp="16 May 2016 02:37:22 GMT" time="4.299" errors="0">
  <testcase name="testFirefoxLaunch" time="4.299" classname="scripts.Firefox_Program"/>
</testsuite> <!-- scripts.Firefox_Program -->
