<?xml version="1.0" encoding="UTF-8"?>
<!-- Generated by org.testng.reporters.JUnitReportReporter -->
<testsuite hostname="HW2124" name="scripts.Screenshot_Test" tests="1" failures="0" timestamp="21 May 2016 02:55:13 GMT" time="12.985" errors="0">
  <testcase name="testScreenshot_Test" time="12.985" classname="scripts.Screenshot_Test"/>
</testsuite> <!-- scripts.Screenshot_Test -->
