<?xml version="1.0" encoding="UTF-8"?>
<!-- Generated by org.testng.reporters.JUnitReportReporter -->
<testsuite hostname="HW2124" name="scripts.Chrome_Program" tests="1" failures="0" timestamp="30 May 2016 02:26:25 GMT" time="5.189" errors="0">
  <testcase name="testChromeLaunch" time="5.189" classname="scripts.Chrome_Program"/>
</testsuite> <!-- scripts.Chrome_Program -->
