<?xml version="1.0" encoding="UTF-8"?>
<!-- Generated by org.testng.reporters.JUnitReportReporter -->
<testsuite hostname="HW2124" name="scripts.MouseHover_Test" tests="1" failures="0" timestamp="25 May 2016 01:54:36 GMT" time="21.882" errors="0">
  <testcase name="testMouseHover_Test" time="21.882" classname="scripts.MouseHover_Test"/>
</testsuite> <!-- scripts.MouseHover_Test -->
