<?xml version="1.0" encoding="UTF-8"?>
<!-- Generated by org.testng.reporters.JUnitReportReporter -->
<testsuite hostname="HW2124" name="scripts.Dropdown_Count_Test" tests="1" failures="0" timestamp="21 May 2016 03:03:33 GMT" time="9.757" errors="0">
  <testcase name="testDropdown_Test" time="9.757" classname="scripts.Dropdown_Count_Test"/>
</testsuite> <!-- scripts.Dropdown_Count_Test -->
