<?xml version="1.0" encoding="UTF-8"?>
<!-- Generated by org.testng.reporters.JUnitReportReporter -->
<testsuite hostname="HW2124" name="scripts.Get_Commands" tests="1" failures="0" timestamp="20 May 2016 02:49:51 GMT" time="12.133" errors="0">
  <testcase name="testGetTitle_Assert" time="12.133" classname="scripts.Get_Commands"/>
</testsuite> <!-- scripts.Get_Commands -->
