<?xml version="1.0" encoding="UTF-8"?>
<!-- Generated by org.testng.reporters.JUnitReportReporter -->
<testsuite hostname="HW2124" name="scripts.IE_Program" tests="1" failures="0" timestamp="16 May 2016 02:48:10 GMT" time="0.249" errors="0">
  <testcase name="testIELaunch" time="0.249" classname="scripts.IE_Program"/>
</testsuite> <!-- scripts.IE_Program -->
