<?xml version="1.0" encoding="UTF-8"?>
<!-- Generated by org.testng.reporters.JUnitReportReporter -->
<testsuite hostname="HW2124" name="scripts.Keys_Test" tests="1" failures="0" timestamp="25 May 2016 01:59:40 GMT" time="22.900" errors="0">
  <testcase name="testKeys_Test" time="22.900" classname="scripts.Keys_Test"/>
</testsuite> <!-- scripts.Keys_Test -->
