<?xml version="1.0" encoding="UTF-8"?>
<!-- Generated by org.testng.reporters.JUnitReportReporter -->
<testsuite hostname="HW2124" name="scripts.GetAttribute_Assert" tests="1" failures="0" timestamp="20 May 2016 02:47:11 GMT" time="12.565" errors="0">
  <testcase name="testGetAttribute_Assert" time="12.565" classname="scripts.GetAttribute_Assert"/>
</testsuite> <!-- scripts.GetAttribute_Assert -->
