<?xml version="1.0" encoding="UTF-8"?>
<!-- Generated by org.testng.reporters.JUnitReportReporter -->
<testsuite hostname="HW2124" name="scripts.Navigate_Commands" tests="1" failures="0" timestamp="21 May 2016 02:24:49 GMT" time="20.756" errors="0">
  <testcase name="testGetTitle_Assert" time="20.756" classname="scripts.Navigate_Commands"/>
</testsuite> <!-- scripts.Navigate_Commands -->
