<?xml version="1.0" encoding="UTF-8"?>
<!-- Generated by org.testng.reporters.JUnitReportReporter -->
<testsuite hostname="HW2124" name="scripts.AutoSuggestions" tests="1" failures="0" timestamp="25 May 2016 02:09:36 GMT" time="60.905" errors="0">
  <testcase name="testAutoSuggestions" time="60.905" classname="scripts.AutoSuggestions"/>
</testsuite> <!-- scripts.AutoSuggestions -->
