<?xml version="1.0" encoding="UTF-8"?>
<!-- Generated by org.testng.reporters.JUnitReportReporter -->
<testsuite hostname="HW2124" name="scripts.Excel_Reading_Test" tests="1" failures="0" timestamp="21 May 2016 02:45:21 GMT" time="13.034" errors="0">
  <testcase name="testExcel_Reading_Test" time="13.034" classname="scripts.Excel_Reading_Test"/>
</testsuite> <!-- scripts.Excel_Reading_Test -->
