<?xml version="1.0" encoding="UTF-8"?>
<!-- Generated by org.testng.reporters.JUnitReportReporter -->
<testsuite hostname="HW2124" name="scripts.Basic" tests="1" failures="0" timestamp="17 May 2016 02:06:25 GMT" time="21.249" errors="0">
  <testcase name="testBasic" time="21.249" classname="scripts.Basic"/>
</testsuite> <!-- scripts.Basic -->
